15-Oct-2018 00:19:12 INFO [DB Connection]- Driver Loaded
15-Oct-2018 00:19:12 INFO [DB Connection]- Property file read successfully
15-Oct-2018 00:19:13 INFO [DB Connection]- Connection successful
15-Oct-2018 00:19:13 INFO [Main Console]- No leaves to auto approve
15-Oct-2018 00:19:14 ERROR [Main Console]- com.cg.ems.exception.EMSException: Sorry, Input should be Only Numbers
15-Oct-2018 00:19:14 INFO [DB Connection]- Property file read successfully
15-Oct-2018 00:19:14 INFO [DB Connection]- Connection successful
15-Oct-2018 00:19:14 INFO [Main Console]- No leaves to auto approve
15-Oct-2018 00:19:15 INFO [Main Console]- user login
15-Oct-2018 00:19:23 INFO [DB Connection]- Property file read successfully
15-Oct-2018 00:19:23 INFO [DB Connection]- Connection successful
15-Oct-2018 00:19:23 ERROR [Main Console]- Username or password is not correct
15-Oct-2018 00:19:24 INFO [DB Connection]- Property file read successfully
15-Oct-2018 00:19:24 INFO [DB Connection]- Connection successful
15-Oct-2018 00:19:24 INFO [Main Console]- No leaves to auto approve
15-Oct-2018 00:19:39 INFO [Main Console]- user login
15-Oct-2018 00:19:43 INFO [DB Connection]- Property file read successfully
15-Oct-2018 00:19:43 INFO [DB Connection]- Connection successful
15-Oct-2018 00:19:43 INFO [Main Console]- Login successful
15-Oct-2018 00:19:43 INFO [Admin Console]- Admin console started
15-Oct-2018 00:19:43 INFO [Admin Console]- Choices for user
15-Oct-2018 00:19:52 INFO [Admin Console]- Displaying all employees
15-Oct-2018 00:19:52 INFO [DB Connection]- Property file read successfully
15-Oct-2018 00:19:52 INFO [DB Connection]- Connection successful
15-Oct-2018 00:19:52 INFO [Admin Console]- Choices for user
15-Oct-2018 00:19:59 INFO [Admin Console]- Back to main console
15-Oct-2018 00:19:59 INFO [DB Connection]- Property file read successfully
15-Oct-2018 00:19:59 INFO [DB Connection]- Connection successful
15-Oct-2018 00:19:59 INFO [Main Console]- No leaves to auto approve
15-Oct-2018 00:20:01 INFO [DB Connection]- Property file read successfully
15-Oct-2018 00:20:02 INFO [DB Connection]- Connection successful
15-Oct-2018 00:20:02 INFO [Main Console]- No leaves to auto approve
15-Oct-2018 00:21:31 INFO [DB Connection]- Driver Loaded
15-Oct-2018 00:21:31 INFO [DB Connection]- Property file read successfully
15-Oct-2018 00:21:32 INFO [DB Connection]- Connection successful
15-Oct-2018 00:21:32 INFO [Main Console]- No leaves to auto approve
15-Oct-2018 00:21:33 INFO [Main Console]- user login
15-Oct-2018 00:21:44 INFO [DB Connection]- Property file read successfully
15-Oct-2018 00:21:44 INFO [DB Connection]- Connection successful
15-Oct-2018 00:21:44 INFO [Main Console]- Login successful
15-Oct-2018 00:21:44 INFO [Admin Console]- Employee console started
15-Oct-2018 00:21:44 INFO [DB Connection]- Property file read successfully
15-Oct-2018 00:21:44 INFO [DB Connection]- Connection successful
15-Oct-2018 00:21:44 INFO [Admin Console]- Displaying choices for manager
15-Oct-2018 00:21:48 INFO [Admin Console]- Managing leaves
15-Oct-2018 00:21:48 INFO [DB Connection]- Property file read successfully
15-Oct-2018 00:21:48 INFO [DB Connection]- Connection successful
15-Oct-2018 00:21:51 ERROR [Admin Console]- Input type mismatch
15-Oct-2018 00:21:51 INFO [DB Connection]- Property file read successfully
15-Oct-2018 00:21:51 INFO [DB Connection]- Connection successful
15-Oct-2018 00:21:51 INFO [Admin Console]- Displaying choices for manager
15-Oct-2018 00:21:53 WARN [Admin Console]- Invalid input choice
15-Oct-2018 00:21:53 INFO [DB Connection]- Property file read successfully
15-Oct-2018 00:21:53 INFO [DB Connection]- Connection successful
15-Oct-2018 00:21:53 INFO [Admin Console]- Displaying choices for manager
15-Oct-2018 00:21:58 INFO [Admin Console]- Applying for leaves
15-Oct-2018 00:21:58 INFO [DB Connection]- Property file read successfully
15-Oct-2018 00:21:58 INFO [DB Connection]- Connection successful
15-Oct-2018 00:22:02 ERROR [Admin Console]- Incorrect format for date
15-Oct-2018 00:22:02 INFO [DB Connection]- Property file read successfully
15-Oct-2018 00:22:02 INFO [DB Connection]- Connection successful
15-Oct-2018 00:22:02 INFO [Admin Console]- Displaying choices for manager
15-Oct-2018 00:22:08 ERROR [Admin Console]- Input type mismatch
15-Oct-2018 00:22:08 INFO [DB Connection]- Property file read successfully
15-Oct-2018 00:22:08 INFO [DB Connection]- Connection successful
15-Oct-2018 00:22:08 INFO [Admin Console]- Displaying choices for manager
15-Oct-2018 00:22:14 INFO [Admin Console]- Applying for leaves
15-Oct-2018 00:22:14 INFO [DB Connection]- Property file read successfully
15-Oct-2018 00:22:14 INFO [DB Connection]- Connection successful
15-Oct-2018 00:22:21 ERROR [Admin Console]- Incorrect format for date
15-Oct-2018 00:22:21 INFO [DB Connection]- Property file read successfully
15-Oct-2018 00:22:21 INFO [DB Connection]- Connection successful
15-Oct-2018 00:22:21 INFO [Admin Console]- Displaying choices for manager
15-Oct-2018 00:22:45 ERROR [Admin Console]- Input type mismatch
15-Oct-2018 00:22:45 INFO [DB Connection]- Property file read successfully
15-Oct-2018 00:22:45 INFO [DB Connection]- Connection successful
15-Oct-2018 00:22:45 INFO [Admin Console]- Displaying choices for manager
15-Oct-2018 00:22:50 INFO [Admin Console]- Terminating the application
